0 info it worked if it ends with ok
1 verbose cli [ 'C:\\Program Files (x86)\\Nodist\\v-x64\\7.2.1\\node.exe',
1 verbose cli   'C:\\Program Files (x86)\\Nodist\\npmv\\4.0.5\\bin\\npm-cli.js',
1 verbose cli   'start' ]
2 info using npm@4.0.5
3 info using node@v7.2.1
4 verbose run-script [ 'prestart', 'start', 'poststart' ]
5 info lifecycle customer@0.0.0~prestart: customer@0.0.0
6 warn lifecycle The node binary used for scripts is C:\Program Files (x86)\Nodist\bin\node.exe but npm is using C:\Program Files (x86)\Nodist\v-x64\7.2.1\node.exe itself. Use the `--scripts-prepend-node-path` option to include the path for the node binary npm was executed with.
7 silly lifecycle customer@0.0.0~prestart: no script for prestart, continuing
8 info lifecycle customer@0.0.0~start: customer@0.0.0
9 verbose lifecycle customer@0.0.0~start: unsafe-perm in lifecycle true
10 verbose lifecycle customer@0.0.0~start: PATH: C:\Program Files (x86)\Nodist\npmv\4.0.5\bin\node-gyp-bin;C:\Users\IKECHI\Documents\Visual Studio 2015\Websites\customer-complaints\node_modules\.bin;C:\Program Files\Docker\Docker\Resources\bin;C:\WINDOWS\system32;C:\WINDOWS;C:\WINDOWS\System32\Wbem;C:\WINDOWS\System32\WindowsPowerShell\v1.0\;C:\Program Files (x86)\Skype\Phone\;C:\Program Files\Git\cmd;C:\WINDOWS\system32\config\systemprofile\.dnx\bin;C:\Program Files\Microsoft DNX\Dnvm\;C:\Program Files\Microsoft SQL Server\120\Tools\Binn\;C:\Program Files\MongoDB\Server\3.2\bin;C:\Program Files\Microsoft SQL Server\120\DTS\Binn\;C:\Program Files\Microsoft SQL Server\Client SDK\ODBC\110\Tools\Binn\;C:\Program Files (x86)\Microsoft SQL Server\120\Tools\Binn\;C:\Program Files (x86)\Microsoft SQL Server\120\Tools\Binn\ManagementStudio\;C:\Program Files (x86)\Microsoft SQL Server\120\DTS\Binn\;C:\HaxeToolkit\haxe\;C:\HaxeToolkit\neko;C:\Program Files (x86)\Nodist\bin;C:\Program Files\dotnet\;C:\Users\IKECHI\AppData\Local\Programs\Python\Python36\Scripts\;C:\Users\IKECHI\AppData\Local\Programs\Python\Python36\;C:\Program Files (x86)\Microsoft VS Code\bin;C:\Program Files\nodejs;C:\Users\IKECHI\AppData\Local\Microsoft\WindowsApps;C:\Users\IKECHI\Documents\Visual Studio 2015\Websites\powershell\jusibe-sms;C:\Program Files\Docker Toolbox;C:\Users\IKECHI\Documents\Visual Studio 2015\Websites\powershell\zip
11 verbose lifecycle customer@0.0.0~start: CWD: C:\Users\IKECHI\Documents\Visual Studio 2015\Websites\customer-complaints
12 silly lifecycle customer@0.0.0~start: Args: [ '/d /s /c', 'node ./bin/www' ]
13 silly lifecycle customer@0.0.0~start: Returned: code: 1  signal: null
14 info lifecycle customer@0.0.0~start: Failed to exec start script
15 verbose stack Error: customer@0.0.0 start: `node ./bin/www`
15 verbose stack Exit status 1
15 verbose stack     at EventEmitter.<anonymous> (C:\Program Files (x86)\Nodist\npmv\4.0.5\lib\utils\lifecycle.js:279:16)
15 verbose stack     at emitTwo (events.js:106:13)
15 verbose stack     at EventEmitter.emit (events.js:191:7)
15 verbose stack     at ChildProcess.<anonymous> (C:\Program Files (x86)\Nodist\npmv\4.0.5\lib\utils\spawn.js:40:14)
15 verbose stack     at emitTwo (events.js:106:13)
15 verbose stack     at ChildProcess.emit (events.js:191:7)
15 verbose stack     at maybeClose (internal/child_process.js:885:16)
15 verbose stack     at Process.ChildProcess._handle.onexit (internal/child_process.js:226:5)
16 verbose pkgid customer@0.0.0
17 verbose cwd C:\Users\IKECHI\Documents\Visual Studio 2015\Websites\customer-complaints
18 error Windows_NT 10.0.14393
19 error argv "C:\\Program Files (x86)\\Nodist\\v-x64\\7.2.1\\node.exe" "C:\\Program Files (x86)\\Nodist\\npmv\\4.0.5\\bin\\npm-cli.js" "start"
20 error node v7.2.1
21 error npm  v4.0.5
22 error code ELIFECYCLE
23 error customer@0.0.0 start: `node ./bin/www`
23 error Exit status 1
24 error Failed at the customer@0.0.0 start script 'node ./bin/www'.
24 error Make sure you have the latest version of node.js and npm installed.
24 error If you do, this is most likely a problem with the customer package,
24 error not with npm itself.
24 error Tell the author that this fails on your system:
24 error     node ./bin/www
24 error You can get information on how to open an issue for this project with:
24 error     npm bugs customer
24 error Or if that isn't available, you can get their info via:
24 error     npm owner ls customer
24 error There is likely additional logging output above.
25 verbose exit [ 1, true ]
